[*] /Volumes/Development/msk/NetBSD/pkgsrc-cvs/print/tex-shadow-doc/work/.tools/bin/true 
<.> true  
[*] /Volumes/Development/msk/NetBSD/pkgsrc-cvs/print/tex-shadow-doc/work/.tools/bin/true 
<.> true  
[*] /Volumes/Development/msk/NetBSD/pkgsrc-cvs/print/tex-shadow-doc/work/.tools/bin/true 
<.> true  
[*] /Volumes/Development/msk/NetBSD/pkgsrc-cvs/print/tex-shadow-doc/work/.tools/bin/true 
<.> true  
[*] /Volumes/Development/msk/NetBSD/pkgsrc-cvs/print/tex-shadow-doc/work/.tools/bin/true 
<.> true  
[*] /Volumes/Development/msk/NetBSD/pkgsrc-cvs/print/tex-shadow-doc/work/.tools/bin/true 
<.> true  
[*] /Volumes/Development/msk/NetBSD/pkgsrc-cvs/print/tex-shadow-doc/work/.tools/bin/true 
<.> true  
[*] /Volumes/Development/msk/NetBSD/pkgsrc-cvs/print/tex-shadow-doc/work/.tools/bin/true 
<.> true  
[*] /Volumes/Development/msk/NetBSD/pkgsrc-cvs/print/tex-shadow-doc/work/.tools/bin/true 
<.> true  
[*] /Volumes/Development/msk/NetBSD/pkgsrc-cvs/print/tex-shadow-doc/work/.tools/bin/true 
<.> true  
[*] /Volumes/Development/msk/NetBSD/pkgsrc-cvs/print/tex-shadow-doc/work/.tools/bin/true 
<.> true  
[*] /Volumes/Development/msk/NetBSD/pkgsrc-cvs/print/tex-shadow-doc/work/.tools/bin/true 
<.> true  
[*] /Volumes/Development/msk/NetBSD/pkgsrc-cvs/print/tex-shadow-doc/work/.tools/bin/true 
<.> true  
[*] /Volumes/Development/msk/NetBSD/pkgsrc-cvs/print/tex-shadow-doc/work/.tools/bin/true 
<.> true  
[*] /Volumes/Development/msk/NetBSD/pkgsrc-cvs/print/tex-shadow-doc/work/.tools/bin/true 
<.> true  
[*] /Volumes/Development/msk/NetBSD/pkgsrc-cvs/print/tex-shadow-doc/work/.tools/bin/true 
<.> true  
[*] /Volumes/Development/msk/NetBSD/pkgsrc-cvs/print/tex-shadow-doc/work/.tools/bin/true 
<.> true  
[*] /Volumes/Development/msk/NetBSD/pkgsrc-cvs/print/tex-shadow-doc/work/.tools/bin/true 
<.> true  
[*] /Volumes/Development/msk/NetBSD/pkgsrc-cvs/print/tex-shadow-doc/work/.tools/bin/true 
<.> true  
[*] /Volumes/Development/msk/NetBSD/pkgsrc-cvs/print/tex-shadow-doc/work/.tools/bin/true 
<.> true  
[*] /Volumes/Development/msk/NetBSD/pkgsrc-cvs/print/tex-shadow-doc/work/.tools/bin/true 
<.> true  
[*] /Volumes/Development/msk/NetBSD/pkgsrc-cvs/print/tex-shadow-doc/work/.tools/bin/true 
<.> true  
[*] /Volumes/Development/msk/NetBSD/pkgsrc-cvs/print/tex-shadow-doc/work/.tools/bin/true 
<.> true  
[*] /Volumes/Development/msk/NetBSD/pkgsrc-cvs/print/tex-shadow-doc/work/.tools/bin/true 
<.> true  
[*] /Volumes/Development/msk/NetBSD/pkgsrc-cvs/print/tex-shadow-doc/work/.tools/bin/true 
<.> true  
[*] /Volumes/Development/msk/NetBSD/pkgsrc-cvs/print/tex-shadow-doc/work/.tools/bin/true 
<.> true  
[*] /Volumes/Development/msk/NetBSD/pkgsrc-cvs/print/tex-shadow-doc/work/.tools/bin/true 
<.> true  
[*] /Volumes/Development/msk/NetBSD/pkgsrc-cvs/print/tex-shadow-doc/work/.tools/bin/true 
<.> true  
[*] /Volumes/Development/msk/NetBSD/pkgsrc-cvs/print/tex-shadow-doc/work/.tools/bin/true 
<.> true  
[*] /Volumes/Development/msk/NetBSD/pkgsrc-cvs/print/tex-shadow-doc/work/.tools/bin/true 
<.> true  
[*] /Volumes/Development/msk/NetBSD/pkgsrc-cvs/print/tex-shadow-doc/work/.tools/bin/true 
<.> true  
[*] /Volumes/Development/msk/NetBSD/pkgsrc-cvs/print/tex-shadow-doc/work/.tools/bin/true 
<.> true  
[*] /Volumes/Development/msk/NetBSD/pkgsrc-cvs/print/tex-shadow-doc/work/.tools/bin/true 
<.> true  
[*] /Volumes/Development/msk/NetBSD/pkgsrc-cvs/print/tex-shadow-doc/work/.tools/bin/true 
<.> true  
[*] /Volumes/Development/msk/NetBSD/pkgsrc-cvs/print/tex-shadow-doc/work/.tools/bin/true 
<.> true  
[*] /Volumes/Development/msk/NetBSD/pkgsrc-cvs/print/tex-shadow-doc/work/.wrapper/bin/gcc /Volumes/Development/msk/NetBSD/pkgsrc-cvs/print/tex-shadow-doc/work/.wrapper/bin/gcc -v
<.> /Volumes/Development/msk/NetBSD/pkgsrc-cvs/print/tex-shadow-doc/work/.compiler/bin/c-fail-wrapper -v 
*** Please consider adding c to USE_LANGUAGES in the package Makefile.
[*] /Volumes/Development/msk/NetBSD/pkgsrc-cvs/print/tex-shadow-doc/work/.tools/bin/mkdir /usr/pkg/share/texmf-dist/lsR50686.tmp
<.> /bin/mkdir -p /usr/pkg/share/texmf-dist/lsR50686.tmp
